<?xml version="1.0" encoding="UTF-8"?>
<!-- Generated by org.testng.reporters.JUnitReportReporter -->
<testsuite hostname="HP" failures="0" tests="4" name="regression.AddToBasketTest" time="8.054" errors="0" timestamp="2023-01-02T20:20:40 IST" skipped="0">
  <testcase classname="regression.AddToBasketTest" name="verifySearchInputField" time="0.111"/>
  <system-out/>
  <testcase classname="regression.AddToBasketTest" name="verifySearchedProductIsDisplayedOnSearchPage" time="1.648"/>
  <system-out/>
  <testcase classname="regression.AddToBasketTest" name="verifyUserCanAddProductToBasket" time="1.562"/>
  <system-out/>
  <testcase classname="regression.AddToBasketTest" name="verifyNewProductWillAddedFromViewBasketPage" time="4.733"/>
  <system-out/>
</testsuite> <!-- regression.AddToBasketTest -->
